Determining if the pthread_create exist failed with the following output:
Change Dir: /home/andrej/studyspace/BA/groundSeparator2.0/build/CMakeFiles/CMakeTmp

Run Build Command:"/usr/bin/make" "cmTryCompileExec3980697543/fast"
/usr/bin/make -f CMakeFiles/cmTryCompileExec3980697543.dir/build.make CMakeFiles/cmTryCompileExec3980697543.dir/build
make[1]: Entering directory `/home/andrej/studyspace/BA/groundSeparator2.0/build/CMakeFiles/CMakeTmp'
/usr/bin/cmake -E cmake_progress_report /home/andrej/studyspace/BA/groundSeparator2.0/build/CMakeFiles/CMakeTmp/CMakeFiles 1
Building C object CMakeFiles/cmTryCompileExec3980697543.dir/CheckSymbolExists.c.o
/usr/bin/cc    -o CMakeFiles/cmTryCompileExec3980697543.dir/CheckSymbolExists.c.o   -c /home/andrej/studyspace/BA/groundSeparator2.0/build/CMakeFiles/CMakeTmp/CheckSymbolExists.c
Linking C executable cmTryCompileExec3980697543
/usr/bin/cmake -E cmake_link_script CMakeFiles/cmTryCompileExec3980697543.dir/link.txt --verbose=1
/usr/bin/cc        CMakeFiles/cmTryCompileExec3980697543.dir/CheckSymbolExists.c.o  -o cmTryCompileExec3980697543 -rdynamic 
CMakeFiles/cmTryCompileExec3980697543.dir/CheckSymbolExists.c.o: In function `main':
CheckSymbolExists.c:(.text+0x16): undefined reference to `pthread_create'
collect2: error: ld returned 1 exit status
make[1]: *** [cmTryCompileExec3980697543] Error 1
make[1]: Leaving directory `/home/andrej/studyspace/BA/groundSeparator2.0/build/CMakeFiles/CMakeTmp'
make: *** [cmTryCompileExec3980697543/fast] Error 2

File /home/andrej/studyspace/BA/groundSeparator2.0/build/CMakeFiles/CMakeTmp/CheckSymbolExists.c:
/* */
#include <pthread.h>

int main(int argc, char** argv)
{
  (void)argv;
#ifndef pthread_create
  return ((int*)(&pthread_create))[argc];
#else
  (void)argc;
  return 0;
#endif
}

Determining if the function pthread_create exists in the pthreads failed with the following output:
Change Dir: /home/andrej/studyspace/BA/groundSeparator2.0/build/CMakeFiles/CMakeTmp

Run Build Command:"/usr/bin/make" "cmTryCompileExec4146281079/fast"
/usr/bin/make -f CMakeFiles/cmTryCompileExec4146281079.dir/build.make CMakeFiles/cmTryCompileExec4146281079.dir/build
make[1]: Entering directory `/home/andrej/studyspace/BA/groundSeparator2.0/build/CMakeFiles/CMakeTmp'
/usr/bin/cmake -E cmake_progress_report /home/andrej/studyspace/BA/groundSeparator2.0/build/CMakeFiles/CMakeTmp/CMakeFiles 1
Building C object CMakeFiles/cmTryCompileExec4146281079.dir/CheckFunctionExists.c.o
/usr/bin/cc   -DCHECK_FUNCTION_EXISTS=pthread_create   -o CMakeFiles/cmTryCompileExec4146281079.dir/CheckFunctionExists.c.o   -c /usr/share/cmake-3.2/Modules/CheckFunctionExists.c
Linking C executable cmTryCompileExec4146281079
/usr/bin/cmake -E cmake_link_script CMakeFiles/cmTryCompileExec4146281079.dir/link.txt --verbose=1
/usr/bin/cc    -DCHECK_FUNCTION_EXISTS=pthread_create    CMakeFiles/cmTryCompileExec4146281079.dir/CheckFunctionExists.c.o  -o cmTryCompileExec4146281079 -rdynamic -lpthreads 
/usr/bin/ld: cannot find -lpthreads
collect2: error: ld returned 1 exit status
make[1]: *** [cmTryCompileExec4146281079] Error 1
make[1]: Leaving directory `/home/andrej/studyspace/BA/groundSeparator2.0/build/CMakeFiles/CMakeTmp'
make: *** [cmTryCompileExec4146281079/fast] Error 2


